<?xml version="1.0" encoding="UTF-8"?>
<robot generator="Robot 7.0.1 (Python 3.11.1 on win32)" generated="2024-08-04T18:38:28.304207" rpa="false" schemaversion="5">
<suite id="s1" name="Amazon Testes" source="C:\Users\SevenProGion\Videos\ws-IbaGaia\AutomationHands-on\RobotFramework\WebTestingRobotFramework\amazon_testes.robot">
<test id="s1-t1" name="Caso de Teste 01 - Acesso ao menu &quot;Eletrônicos&quot;" line="12">
<kw name="Abrir o navegador" owner="amazon_resources" type="SETUP">
<kw name="Open Browser" owner="SeleniumLibrary">
<msg time="2024-08-04T18:38:28.525588" level="INFO">Opening browser 'chrome' to base url 'None'.</msg>
<arg>browser=chrome</arg>
<doc>Opens a new browser instance to the optional ``url``.</doc>
<status status="PASS" start="2024-08-04T18:38:28.525588" elapsed="1.528450"/>
</kw>
<kw name="Maximize Browser Window" owner="SeleniumLibrary">
<doc>Maximizes current browser window.</doc>
<status status="PASS" start="2024-08-04T18:38:30.054038" elapsed="0.380918"/>
</kw>
<status status="PASS" start="2024-08-04T18:38:28.524395" elapsed="1.910561"/>
</kw>
<kw name="Acessar a home page do site Amazon.com.br" owner="amazon_resources">
<kw name="Go To" owner="SeleniumLibrary">
<msg time="2024-08-04T18:38:30.437973" level="INFO">Opening url 'https://www.amazon.com.br'</msg>
<arg>url=${URL}</arg>
<doc>Navigates the current browser window to the provided ``url``.</doc>
<status status="PASS" start="2024-08-04T18:38:30.436972" elapsed="18.155773"/>
</kw>
<kw name="Wait Until Element Is Visible" owner="SeleniumLibrary">
<arg>locator=${MENU_ELETRONICOS}</arg>
<doc>Waits until the element ``locator`` is visible.</doc>
<status status="PASS" start="2024-08-04T18:38:48.592745" elapsed="0.146363"/>
</kw>
<status status="PASS" start="2024-08-04T18:38:30.435959" elapsed="18.303149"/>
</kw>
<doc>Esse teste Verifica o menu electrônicos do site Amazon.com.br
e Verifica a categoria Computadores e Informática</doc>
<tag>categorias</tag>
<tag>menus</tag>
<status status="PASS" start="2024-08-04T18:38:28.523395" elapsed="20.215713"/>
</test>
<doc>Essa suite testa o  site de Amazon.com.br</doc>
<status status="PASS" start="2024-08-04T18:38:28.316719" elapsed="20.423642"/>
</suite>
<statistics>
<total>
<stat pass="1" fail="0" skip="0">All Tests</stat>
</total>
<tag>
<stat pass="1" fail="0" skip="0">categorias</stat>
<stat pass="1" fail="0" skip="0">menus</stat>
</tag>
<suite>
<stat pass="1" fail="0" skip="0" id="s1" name="Amazon Testes">Amazon Testes</stat>
</suite>
</statistics>
<errors>
</errors>
</robot>
