<?xml version="1.0" encoding="UTF-8"?>
<robot generator="Robot 7.0.1 (Python 3.11.1 on win32)" generated="2024-08-04T18:16:31.304054" rpa="false" schemaversion="5">
<suite id="s1" name="Amazon Testes" source="C:\Users\SevenProGion\Videos\ws-IbaGaia\AutomationHands-on\RobotFramework\WebTesting\amazon_testes.robot">
<test id="s1-t1" name="Caso de Teste 01 - Acesso ao menu &quot;Eletrônicos&quot;" line="12">
<kw name="Abrir o navegador" owner="amazon_resources" type="SETUP">
<kw name="Open Browser" owner="SeleniumLibrary">
<msg time="2024-08-04T18:16:31.577208" level="INFO">Opening browser 'chrome' to base url 'None'.</msg>
<arg>browser=chrome</arg>
<doc>Opens a new browser instance to the optional ``url``.</doc>
<status status="PASS" start="2024-08-04T18:16:31.577208" elapsed="3.985004"/>
</kw>
<status status="PASS" start="2024-08-04T18:16:31.577208" elapsed="3.985004"/>
</kw>
<kw name="Acessar a home page do site Amazon.com.br">
<msg time="2024-08-04T18:16:35.564211" level="FAIL">No keyword with name 'Acessar a home page do site Amazon.com.br' found.</msg>
<status status="FAIL" start="2024-08-04T18:16:35.564211" elapsed="0.000000">No keyword with name 'Acessar a home page do site Amazon.com.br' found.</status>
</kw>
<kw name="Entrar no menu &quot;Eletrônicos&quot;">
<status status="NOT RUN" start="2024-08-04T18:16:35.564211" elapsed="0.001359"/>
</kw>
<kw name="Verificar se o título da página fica &quot;Eletrônicos e Tecnologia | Amazon.com.br&quot;">
<status status="NOT RUN" start="2024-08-04T18:16:35.565570" elapsed="0.000000"/>
</kw>
<kw name="Verificar se aparece a frase &quot;Eletrônicos e Tecnologia&quot;">
<status status="NOT RUN" start="2024-08-04T18:16:35.565570" elapsed="0.000000"/>
</kw>
<kw name="Verificar se aparece a categoria &quot;Computadores e Informática&quot; Amazon.com.br&quot;">
<status status="NOT RUN" start="2024-08-04T18:16:35.566073" elapsed="0.000000"/>
</kw>
<kw name="Fechar o navegador" owner="amazon_resources" type="TEARDOWN">
<kw name="Close Browser" owner="SeleniumLibrary">
<doc>Closes the current browser.</doc>
<status status="PASS" start="2024-08-04T18:16:35.566073" elapsed="2.156327"/>
</kw>
<status status="PASS" start="2024-08-04T18:16:35.566073" elapsed="2.157333"/>
</kw>
<doc>Esse teste Verifica o menu electrônicos do site Amazon.com.br
e Verifica a categoria Computadores e Informática</doc>
<tag>categorias</tag>
<tag>menus</tag>
<status status="FAIL" start="2024-08-04T18:16:31.575704" elapsed="6.147702">No keyword with name 'Acessar a home page do site Amazon.com.br' found.</status>
</test>
<test id="s1-t2" name="Caso de Teste 02 - Pesquisa de um Produto" line="22">
<kw name="Abrir o navegador" owner="amazon_resources" type="SETUP">
<kw name="Open Browser" owner="SeleniumLibrary">
<msg time="2024-08-04T18:16:37.726320" level="INFO">Opening browser 'chrome' to base url 'None'.</msg>
<arg>browser=chrome</arg>
<doc>Opens a new browser instance to the optional ``url``.</doc>
<status status="PASS" start="2024-08-04T18:16:37.726320" elapsed="1.366626"/>
</kw>
<status status="PASS" start="2024-08-04T18:16:37.724848" elapsed="1.369099"/>
</kw>
<kw name="Acessar a home page do site Amazon.com.br">
<msg time="2024-08-04T18:16:39.096948" level="FAIL">No keyword with name 'Acessar a home page do site Amazon.com.br' found.</msg>
<status status="FAIL" start="2024-08-04T18:16:39.096948" elapsed="0.000000">No keyword with name 'Acessar a home page do site Amazon.com.br' found.</status>
</kw>
<kw name="Digitar o nome de produto &quot;Xbox Series S&quot; no campo de pesquisa">
<status status="NOT RUN" start="2024-08-04T18:16:39.097451" elapsed="0.000000"/>
</kw>
<kw name="Clicar no botão de pesquisa">
<status status="NOT RUN" start="2024-08-04T18:16:39.097451" elapsed="0.000000"/>
</kw>
<kw name="Verificar o resultado da pesquisa se está listando o produto pesquisado">
<status status="NOT RUN" start="2024-08-04T18:16:39.097451" elapsed="0.001091"/>
</kw>
<kw name="Fechar o navegador" owner="amazon_resources" type="TEARDOWN">
<kw name="Close Browser" owner="SeleniumLibrary">
<doc>Closes the current browser.</doc>
<status status="PASS" start="2024-08-04T18:16:39.098542" elapsed="2.130170"/>
</kw>
<status status="PASS" start="2024-08-04T18:16:39.098542" elapsed="2.130170"/>
</kw>
<doc>Esse teste Verifica a busca de um produto</doc>
<tag>busca_produtos</tag>
<tag>lista_busca</tag>
<status status="FAIL" start="2024-08-04T18:16:37.724848" elapsed="3.504866">No keyword with name 'Acessar a home page do site Amazon.com.br' found.</status>
</test>
<doc>Essa suite testa o  site de Amazon.com.br</doc>
<status status="FAIL" start="2024-08-04T18:16:31.306065" elapsed="9.924153"/>
</suite>
<statistics>
<total>
<stat pass="0" fail="2" skip="0">All Tests</stat>
</total>
<tag>
<stat pass="0" fail="1" skip="0">busca_produtos</stat>
<stat pass="0" fail="1" skip="0">categorias</stat>
<stat pass="0" fail="1" skip="0">lista_busca</stat>
<stat pass="0" fail="1" skip="0">menus</stat>
</tag>
<suite>
<stat pass="0" fail="2" skip="0" id="s1" name="Amazon Testes">Amazon Testes</stat>
</suite>
</statistics>
<errors>
</errors>
</robot>
